180926 18:47:55 [Note] Plugin 'FEDERATED' is disabled.
180926 18:47:55  InnoDB: Initializing buffer pool, size = 8.0M
180926 18:47:55  InnoDB: Completed initialization of buffer pool
InnoDB: The first specified data file .\ibdata1 did not exist:
InnoDB: a new database to be created!
180926 18:47:55  InnoDB: Setting file .\ibdata1 size to 10 MB
InnoDB: Database physically writes the file full: wait...
180926 18:47:56  InnoDB: Log file .\ib_logfile0 did not exist: new to be created
InnoDB: Setting log file .\ib_logfile0 size to 5 MB
InnoDB: Database physically writes the file full: wait...
180926 18:47:56  InnoDB: Log file .\ib_logfile1 did not exist: new to be created
InnoDB: Setting log file .\ib_logfile1 size to 5 MB
InnoDB: Database physically writes the file full: wait...
InnoDB: Doublewrite buffer not found: creating new
InnoDB: Doublewrite buffer created
InnoDB: Creating foreign key constraint system tables
InnoDB: Foreign key constraint system tables created
180926 18:47:56  InnoDB: Started; log sequence number 0 0
180926 18:59:20 [Note] Plugin 'FEDERATED' is disabled.
180926 18:59:20  InnoDB: Initializing buffer pool, size = 8.0M
180926 18:59:20  InnoDB: Completed initialization of buffer pool
InnoDB: The log sequence number in ibdata files does not match
InnoDB: the log sequence number in the ib_logfiles!
180926 18:59:21  InnoDB: Database was not shut down normally!
InnoDB: Starting crash recovery.
InnoDB: Reading tablespace information from the .ibd files...
InnoDB: Restoring possible half-written data pages from the doublewrite
InnoDB: buffer...
180926 18:59:21  InnoDB: Started; log sequence number 0 44233
180926 19:00:51 [Note] Plugin 'FEDERATED' is disabled.
180926 19:00:51  InnoDB: Initializing buffer pool, size = 8.0M
180926 19:00:51  InnoDB: Completed initialization of buffer pool
InnoDB: The log sequence number in ibdata files does not match
InnoDB: the log sequence number in the ib_logfiles!
180926 19:00:51  InnoDB: Database was not shut down normally!
InnoDB: Starting crash recovery.
InnoDB: Reading tablespace information from the .ibd files...
InnoDB: Restoring possible half-written data pages from the doublewrite
InnoDB: buffer...
180926 19:00:51  InnoDB: Started; log sequence number 0 44233
180926 19:01:19 [Note] Plugin 'FEDERATED' is disabled.
180926 19:01:19  InnoDB: Initializing buffer pool, size = 8.0M
180926 19:01:19  InnoDB: Completed initialization of buffer pool
InnoDB: The log sequence number in ibdata files does not match
InnoDB: the log sequence number in the ib_logfiles!
180926 19:01:19  InnoDB: Database was not shut down normally!
InnoDB: Starting crash recovery.
InnoDB: Reading tablespace information from the .ibd files...
InnoDB: Restoring possible half-written data pages from the doublewrite
InnoDB: buffer...
180926 19:01:19  InnoDB: Started; log sequence number 0 44233
